<?xml version="1.0" encoding="UTF-8"?>
<!-- Generated by org.testng.reporters.JUnitReportReporter -->
<testsuite skipped="0" hostname="LAPTOP-78FTHU8P" name="com.crm.qa.testcases.LoginPageTest" tests="3" failures="0" timestamp="12 Sep 2021 21:08:30 GMT" time="20.716" errors="0">
  <testcase name="loginPageTitleTest" time="6.129" classname="com.crm.qa.testcases.LoginPageTest"/>
  <testcase name="crmLogoImageTest" time="6.718" classname="com.crm.qa.testcases.LoginPageTest"/>
  <testcase name="loginTest" time="7.869" classname="com.crm.qa.testcases.LoginPageTest"/>
</testsuite> <!-- com.crm.qa.testcases.LoginPageTest -->
